<?xml version="1.0" encoding="utf-8"?>
<Sentences>
<Sentence date="20180908" id="65567_1" sentence="True" source="NULL">
<Text>
中国取得成就
</Text>
<Parse>
(ROOT
  (IP
    (NP (NR 中国))
    (VP (VV 取得)
      (NP (NN 成就)))))
</Parse>
</Sentence>
</Sentences>
